==7993== Memcheck, a memory error detector
==7993== Copyright (C) 2002-2011, and GNU GPL'd, by Julian Seward et al.
==7993== Using Valgrind-3.7.0 and LibVEX; rerun with -h for copyright info
==7993== Command: ./facts cases/computers.fax cases/computers.q
==7993== Parent PID: 7992
==7993== 
==7993== Conditional jump or move depends on uninitialised value(s)
==7993==    at 0x400BBC: getFromQFile (in /v/filer4b/v38q001/kimyu92/Desktop/kimLab3/facts)
==7993==    by 0x400967: main (in /v/filer4b/v38q001/kimyu92/Desktop/kimLab3/facts)
==7993== 
==7993== Conditional jump or move depends on uninitialised value(s)
==7993==    at 0x4C2BE6A: strncat (in /usr/lib/valgrind/vgpreload_memcheck-amd64-linux.so)
==7993==    by 0x400EEE: parseQuestFile (in /v/filer4b/v38q001/kimyu92/Desktop/kimLab3/facts)
==7993==    by 0x400C67: getFromQFile (in /v/filer4b/v38q001/kimyu92/Desktop/kimLab3/facts)
==7993==    by 0x400967: main (in /v/filer4b/v38q001/kimyu92/Desktop/kimLab3/facts)
==7993== 
==7993== Invalid write of size 1
==7993==    at 0x4C2BEAF: strncat (in /usr/lib/valgrind/vgpreload_memcheck-amd64-linux.so)
==7993==    by 0x400EEE: parseQuestFile (in /v/filer4b/v38q001/kimyu92/Desktop/kimLab3/facts)
==7993==    by 0x400C67: getFromQFile (in /v/filer4b/v38q001/kimyu92/Desktop/kimLab3/facts)
==7993==    by 0x400967: main (in /v/filer4b/v38q001/kimyu92/Desktop/kimLab3/facts)
==7993==  Address 0x51f1ec5 is 0 bytes after a block of size 5 alloc'd
==7993==    at 0x4C2B6CD: malloc (in /usr/lib/valgrind/vgpreload_memcheck-amd64-linux.so)
==7993==    by 0x400E36: parseQuestFile (in /v/filer4b/v38q001/kimyu92/Desktop/kimLab3/facts)
==7993==    by 0x400C67: getFromQFile (in /v/filer4b/v38q001/kimyu92/Desktop/kimLab3/facts)
==7993==    by 0x400967: main (in /v/filer4b/v38q001/kimyu92/Desktop/kimLab3/facts)
==7993== 
==7993== Conditional jump or move depends on uninitialised value(s)
==7993==    at 0x4C2BE6A: strncat (in /usr/lib/valgrind/vgpreload_memcheck-amd64-linux.so)
==7993==    by 0x400F22: parseQuestFile (in /v/filer4b/v38q001/kimyu92/Desktop/kimLab3/facts)
==7993==    by 0x400C67: getFromQFile (in /v/filer4b/v38q001/kimyu92/Desktop/kimLab3/facts)
==7993==    by 0x400967: main (in /v/filer4b/v38q001/kimyu92/Desktop/kimLab3/facts)
==7993== 
==7993== Invalid write of size 1
==7993==    at 0x4C2BEAF: strncat (in /usr/lib/valgrind/vgpreload_memcheck-amd64-linux.so)
==7993==    by 0x400F22: parseQuestFile (in /v/filer4b/v38q001/kimyu92/Desktop/kimLab3/facts)
==7993==    by 0x400C67: getFromQFile (in /v/filer4b/v38q001/kimyu92/Desktop/kimLab3/facts)
==7993==    by 0x400967: main (in /v/filer4b/v38q001/kimyu92/Desktop/kimLab3/facts)
==7993==  Address 0x51f1f20 is 0 bytes after a block of size 16 alloc'd
==7993==    at 0x4C2B6CD: malloc (in /usr/lib/valgrind/vgpreload_memcheck-amd64-linux.so)
==7993==    by 0x400E62: parseQuestFile (in /v/filer4b/v38q001/kimyu92/Desktop/kimLab3/facts)
==7993==    by 0x400C67: getFromQFile (in /v/filer4b/v38q001/kimyu92/Desktop/kimLab3/facts)
==7993==    by 0x400967: main (in /v/filer4b/v38q001/kimyu92/Desktop/kimLab3/facts)
==7993== 
==7993== Conditional jump or move depends on uninitialised value(s)
==7993==    at 0x4C2BE6A: strncat (in /usr/lib/valgrind/vgpreload_memcheck-amd64-linux.so)
==7993==    by 0x400F63: parseQuestFile (in /v/filer4b/v38q001/kimyu92/Desktop/kimLab3/facts)
==7993==    by 0x400C67: getFromQFile (in /v/filer4b/v38q001/kimyu92/Desktop/kimLab3/facts)
==7993==    by 0x400967: main (in /v/filer4b/v38q001/kimyu92/Desktop/kimLab3/facts)
==7993== 
==7993== Invalid write of size 1
==7993==    at 0x4C2BEAF: strncat (in /usr/lib/valgrind/vgpreload_memcheck-amd64-linux.so)
==7993==    by 0x400F63: parseQuestFile (in /v/filer4b/v38q001/kimyu92/Desktop/kimLab3/facts)
==7993==    by 0x400C67: getFromQFile (in /v/filer4b/v38q001/kimyu92/Desktop/kimLab3/facts)
==7993==    by 0x400967: main (in /v/filer4b/v38q001/kimyu92/Desktop/kimLab3/facts)
==7993==  Address 0x51f1f67 is 0 bytes after a block of size 7 alloc'd
==7993==    at 0x4C2B6CD: malloc (in /usr/lib/valgrind/vgpreload_memcheck-amd64-linux.so)
==7993==    by 0x400EA8: parseQuestFile (in /v/filer4b/v38q001/kimyu92/Desktop/kimLab3/facts)
==7993==    by 0x400C67: getFromQFile (in /v/filer4b/v38q001/kimyu92/Desktop/kimLab3/facts)
==7993==    by 0x400967: main (in /v/filer4b/v38q001/kimyu92/Desktop/kimLab3/facts)
==7993== 
==7993== Conditional jump or move depends on uninitialised value(s)
==7993==    at 0x4C2BE6A: strncat (in /usr/lib/valgrind/vgpreload_memcheck-amd64-linux.so)
==7993==    by 0x401081: parseQuestFile (in /v/filer4b/v38q001/kimyu92/Desktop/kimLab3/facts)
==7993==    by 0x400C67: getFromQFile (in /v/filer4b/v38q001/kimyu92/Desktop/kimLab3/facts)
==7993==    by 0x400967: main (in /v/filer4b/v38q001/kimyu92/Desktop/kimLab3/facts)
==7993== 
==7993== Invalid write of size 1
==7993==    at 0x4C2BEAF: strncat (in /usr/lib/valgrind/vgpreload_memcheck-amd64-linux.so)
==7993==    by 0x401081: parseQuestFile (in /v/filer4b/v38q001/kimyu92/Desktop/kimLab3/facts)
==7993==    by 0x400C67: getFromQFile (in /v/filer4b/v38q001/kimyu92/Desktop/kimLab3/facts)
==7993==    by 0x400967: main (in /v/filer4b/v38q001/kimyu92/Desktop/kimLab3/facts)
==7993==  Address 0x51f29f7 is 0 bytes after a block of size 7 alloc'd
==7993==    at 0x4C2B6CD: malloc (in /usr/lib/valgrind/vgpreload_memcheck-amd64-linux.so)
==7993==    by 0x400FC8: parseQuestFile (in /v/filer4b/v38q001/kimyu92/Desktop/kimLab3/facts)
==7993==    by 0x400C67: getFromQFile (in /v/filer4b/v38q001/kimyu92/Desktop/kimLab3/facts)
==7993==    by 0x400967: main (in /v/filer4b/v38q001/kimyu92/Desktop/kimLab3/facts)
==7993== 
==7993== Conditional jump or move depends on uninitialised value(s)
==7993==    at 0x4C2BE6A: strncat (in /usr/lib/valgrind/vgpreload_memcheck-amd64-linux.so)
==7993==    by 0x4010B2: parseQuestFile (in /v/filer4b/v38q001/kimyu92/Desktop/kimLab3/facts)
==7993==    by 0x400C67: getFromQFile (in /v/filer4b/v38q001/kimyu92/Desktop/kimLab3/facts)
==7993==    by 0x400967: main (in /v/filer4b/v38q001/kimyu92/Desktop/kimLab3/facts)
==7993== 
==7993== Invalid write of size 1
==7993==    at 0x4C2BEAF: strncat (in /usr/lib/valgrind/vgpreload_memcheck-amd64-linux.so)
==7993==    by 0x4010B2: parseQuestFile (in /v/filer4b/v38q001/kimyu92/Desktop/kimLab3/facts)
==7993==    by 0x400C67: getFromQFile (in /v/filer4b/v38q001/kimyu92/Desktop/kimLab3/facts)
==7993==    by 0x400967: main (in /v/filer4b/v38q001/kimyu92/Desktop/kimLab3/facts)
==7993==  Address 0x51f2a50 is 0 bytes after a block of size 16 alloc'd
==7993==    at 0x4C2B6CD: malloc (in /usr/lib/valgrind/vgpreload_memcheck-amd64-linux.so)
==7993==    by 0x400FF4: parseQuestFile (in /v/filer4b/v38q001/kimyu92/Desktop/kimLab3/facts)
==7993==    by 0x400C67: getFromQFile (in /v/filer4b/v38q001/kimyu92/Desktop/kimLab3/facts)
==7993==    by 0x400967: main (in /v/filer4b/v38q001/kimyu92/Desktop/kimLab3/facts)
==7993== 
==7993== Conditional jump or move depends on uninitialised value(s)
==7993==    at 0x4C2BE6A: strncat (in /usr/lib/valgrind/vgpreload_memcheck-amd64-linux.so)
==7993==    by 0x4010F0: parseQuestFile (in /v/filer4b/v38q001/kimyu92/Desktop/kimLab3/facts)
==7993==    by 0x400C67: getFromQFile (in /v/filer4b/v38q001/kimyu92/Desktop/kimLab3/facts)
==7993==    by 0x400967: main (in /v/filer4b/v38q001/kimyu92/Desktop/kimLab3/facts)
==7993== 
==7993== Invalid write of size 1
==7993==    at 0x4C2BEAF: strncat (in /usr/lib/valgrind/vgpreload_memcheck-amd64-linux.so)
==7993==    by 0x4010F0: parseQuestFile (in /v/filer4b/v38q001/kimyu92/Desktop/kimLab3/facts)
==7993==    by 0x400C67: getFromQFile (in /v/filer4b/v38q001/kimyu92/Desktop/kimLab3/facts)
==7993==    by 0x400967: main (in /v/filer4b/v38q001/kimyu92/Desktop/kimLab3/facts)
==7993==  Address 0x51f2a97 is 0 bytes after a block of size 7 alloc'd
==7993==    at 0x4C2B6CD: malloc (in /usr/lib/valgrind/vgpreload_memcheck-amd64-linux.so)
==7993==    by 0x40103A: parseQuestFile (in /v/filer4b/v38q001/kimyu92/Desktop/kimLab3/facts)
==7993==    by 0x400C67: getFromQFile (in /v/filer4b/v38q001/kimyu92/Desktop/kimLab3/facts)
==7993==    by 0x400967: main (in /v/filer4b/v38q001/kimyu92/Desktop/kimLab3/facts)
==7993== 
==7993== Conditional jump or move depends on uninitialised value(s)
==7993==    at 0x4011FE: parseFactFile (in /v/filer4b/v38q001/kimyu92/Desktop/kimLab3/facts)
==7993==    by 0x400971: main (in /v/filer4b/v38q001/kimyu92/Desktop/kimLab3/facts)
==7993== 
==7993== Conditional jump or move depends on uninitialised value(s)
==7993==    at 0x4C2BE6A: strncat (in /usr/lib/valgrind/vgpreload_memcheck-amd64-linux.so)
==7993==    by 0x401592: getFacts (in /v/filer4b/v38q001/kimyu92/Desktop/kimLab3/facts)
==7993==    by 0x4012B0: parseFactFile (in /v/filer4b/v38q001/kimyu92/Desktop/kimLab3/facts)
==7993==    by 0x400971: main (in /v/filer4b/v38q001/kimyu92/Desktop/kimLab3/facts)
==7993== 
==7993== Invalid write of size 1
==7993==    at 0x4C2BEAF: strncat (in /usr/lib/valgrind/vgpreload_memcheck-amd64-linux.so)
==7993==    by 0x401592: getFacts (in /v/filer4b/v38q001/kimyu92/Desktop/kimLab3/facts)
==7993==    by 0x4012B0: parseFactFile (in /v/filer4b/v38q001/kimyu92/Desktop/kimLab3/facts)
==7993==    by 0x400971: main (in /v/filer4b/v38q001/kimyu92/Desktop/kimLab3/facts)
==7993==  Address 0x51f4647 is 0 bytes after a block of size 7 alloc'd
==7993==    at 0x4C2B6CD: malloc (in /usr/lib/valgrind/vgpreload_memcheck-amd64-linux.so)
==7993==    by 0x4014F3: getFacts (in /v/filer4b/v38q001/kimyu92/Desktop/kimLab3/facts)
==7993==    by 0x4012B0: parseFactFile (in /v/filer4b/v38q001/kimyu92/Desktop/kimLab3/facts)
==7993==    by 0x400971: main (in /v/filer4b/v38q001/kimyu92/Desktop/kimLab3/facts)
==7993== 
==7993== Conditional jump or move depends on uninitialised value(s)
==7993==    at 0x4C2BE6A: strncat (in /usr/lib/valgrind/vgpreload_memcheck-amd64-linux.so)
==7993==    by 0x4015C6: getFacts (in /v/filer4b/v38q001/kimyu92/Desktop/kimLab3/facts)
==7993==    by 0x4012B0: parseFactFile (in /v/filer4b/v38q001/kimyu92/Desktop/kimLab3/facts)
==7993==    by 0x400971: main (in /v/filer4b/v38q001/kimyu92/Desktop/kimLab3/facts)
==7993== 
==7993== Invalid write of size 1
==7993==    at 0x4C2BEAF: strncat (in /usr/lib/valgrind/vgpreload_memcheck-amd64-linux.so)
==7993==    by 0x4015C6: getFacts (in /v/filer4b/v38q001/kimyu92/Desktop/kimLab3/facts)
==7993==    by 0x4012B0: parseFactFile (in /v/filer4b/v38q001/kimyu92/Desktop/kimLab3/facts)
==7993==    by 0x400971: main (in /v/filer4b/v38q001/kimyu92/Desktop/kimLab3/facts)
==7993==  Address 0x51f4699 is 0 bytes after a block of size 9 alloc'd
==7993==    at 0x4C2B6CD: malloc (in /usr/lib/valgrind/vgpreload_memcheck-amd64-linux.so)
==7993==    by 0x40151F: getFacts (in /v/filer4b/v38q001/kimyu92/Desktop/kimLab3/facts)
==7993==    by 0x4012B0: parseFactFile (in /v/filer4b/v38q001/kimyu92/Desktop/kimLab3/facts)
==7993==    by 0x400971: main (in /v/filer4b/v38q001/kimyu92/Desktop/kimLab3/facts)
==7993== 
==7993== Conditional jump or move depends on uninitialised value(s)
==7993==    at 0x4C2BE6A: strncat (in /usr/lib/valgrind/vgpreload_memcheck-amd64-linux.so)
==7993==    by 0x4015FA: getFacts (in /v/filer4b/v38q001/kimyu92/Desktop/kimLab3/facts)
==7993==    by 0x4012B0: parseFactFile (in /v/filer4b/v38q001/kimyu92/Desktop/kimLab3/facts)
==7993==    by 0x400971: main (in /v/filer4b/v38q001/kimyu92/Desktop/kimLab3/facts)
==7993== 
==7993== Invalid write of size 1
==7993==    at 0x4C2BEAF: strncat (in /usr/lib/valgrind/vgpreload_memcheck-amd64-linux.so)
==7993==    by 0x4015FA: getFacts (in /v/filer4b/v38q001/kimyu92/Desktop/kimLab3/facts)
==7993==    by 0x4012B0: parseFactFile (in /v/filer4b/v38q001/kimyu92/Desktop/kimLab3/facts)
==7993==    by 0x400971: main (in /v/filer4b/v38q001/kimyu92/Desktop/kimLab3/facts)
==7993==  Address 0x51f46e2 is 0 bytes after a block of size 2 alloc'd
==7993==    at 0x4C2B6CD: malloc (in /usr/lib/valgrind/vgpreload_memcheck-amd64-linux.so)
==7993==    by 0x40154C: getFacts (in /v/filer4b/v38q001/kimyu92/Desktop/kimLab3/facts)
==7993==    by 0x4012B0: parseFactFile (in /v/filer4b/v38q001/kimyu92/Desktop/kimLab3/facts)
==7993==    by 0x400971: main (in /v/filer4b/v38q001/kimyu92/Desktop/kimLab3/facts)
==7993== 
==7993== Conditional jump or move depends on uninitialised value(s)
==7993==    at 0x4C2BE6A: strncat (in /usr/lib/valgrind/vgpreload_memcheck-amd64-linux.so)
==7993==    by 0x4016FF: getFacts (in /v/filer4b/v38q001/kimyu92/Desktop/kimLab3/facts)
==7993==    by 0x4012B0: parseFactFile (in /v/filer4b/v38q001/kimyu92/Desktop/kimLab3/facts)
==7993==    by 0x400971: main (in /v/filer4b/v38q001/kimyu92/Desktop/kimLab3/facts)
==7993== 
==7993== Invalid write of size 1
==7993==    at 0x4C2BEAF: strncat (in /usr/lib/valgrind/vgpreload_memcheck-amd64-linux.so)
==7993==    by 0x4016FF: getFacts (in /v/filer4b/v38q001/kimyu92/Desktop/kimLab3/facts)
==7993==    by 0x4012B0: parseFactFile (in /v/filer4b/v38q001/kimyu92/Desktop/kimLab3/facts)
==7993==    by 0x400971: main (in /v/filer4b/v38q001/kimyu92/Desktop/kimLab3/facts)
==7993==  Address 0x51f5117 is 0 bytes after a block of size 7 alloc'd
==7993==    at 0x4C2B6CD: malloc (in /usr/lib/valgrind/vgpreload_memcheck-amd64-linux.so)
==7993==    by 0x40165F: getFacts (in /v/filer4b/v38q001/kimyu92/Desktop/kimLab3/facts)
==7993==    by 0x4012B0: parseFactFile (in /v/filer4b/v38q001/kimyu92/Desktop/kimLab3/facts)
==7993==    by 0x400971: main (in /v/filer4b/v38q001/kimyu92/Desktop/kimLab3/facts)
==7993== 
==7993== Conditional jump or move depends on uninitialised value(s)
==7993==    at 0x4C2BE6A: strncat (in /usr/lib/valgrind/vgpreload_memcheck-amd64-linux.so)
==7993==    by 0x401730: getFacts (in /v/filer4b/v38q001/kimyu92/Desktop/kimLab3/facts)
==7993==    by 0x4012B0: parseFactFile (in /v/filer4b/v38q001/kimyu92/Desktop/kimLab3/facts)
==7993==    by 0x400971: main (in /v/filer4b/v38q001/kimyu92/Desktop/kimLab3/facts)
==7993== 
==7993== Invalid write of size 1
==7993==    at 0x4C2BEAF: strncat (in /usr/lib/valgrind/vgpreload_memcheck-amd64-linux.so)
==7993==    by 0x401730: getFacts (in /v/filer4b/v38q001/kimyu92/Desktop/kimLab3/facts)
==7993==    by 0x4012B0: parseFactFile (in /v/filer4b/v38q001/kimyu92/Desktop/kimLab3/facts)
==7993==    by 0x400971: main (in /v/filer4b/v38q001/kimyu92/Desktop/kimLab3/facts)
==7993==  Address 0x51f516c is 0 bytes after a block of size 12 alloc'd
==7993==    at 0x4C2B6CD: malloc (in /usr/lib/valgrind/vgpreload_memcheck-amd64-linux.so)
==7993==    by 0x40168B: getFacts (in /v/filer4b/v38q001/kimyu92/Desktop/kimLab3/facts)
==7993==    by 0x4012B0: parseFactFile (in /v/filer4b/v38q001/kimyu92/Desktop/kimLab3/facts)
==7993==    by 0x400971: main (in /v/filer4b/v38q001/kimyu92/Desktop/kimLab3/facts)
==7993== 
==7993== Conditional jump or move depends on uninitialised value(s)
==7993==    at 0x4C2BE6A: strncat (in /usr/lib/valgrind/vgpreload_memcheck-amd64-linux.so)
==7993==    by 0x401761: getFacts (in /v/filer4b/v38q001/kimyu92/Desktop/kimLab3/facts)
==7993==    by 0x4012B0: parseFactFile (in /v/filer4b/v38q001/kimyu92/Desktop/kimLab3/facts)
==7993==    by 0x400971: main (in /v/filer4b/v38q001/kimyu92/Desktop/kimLab3/facts)
==7993== 
==7993== Invalid write of size 1
==7993==    at 0x4C2BEAF: strncat (in /usr/lib/valgrind/vgpreload_memcheck-amd64-linux.so)
==7993==    by 0x401761: getFacts (in /v/filer4b/v38q001/kimyu92/Desktop/kimLab3/facts)
==7993==    by 0x4012B0: parseFactFile (in /v/filer4b/v38q001/kimyu92/Desktop/kimLab3/facts)
==7993==    by 0x400971: main (in /v/filer4b/v38q001/kimyu92/Desktop/kimLab3/facts)
==7993==  Address 0x51f51b2 is 0 bytes after a block of size 2 alloc'd
==7993==    at 0x4C2B6CD: malloc (in /usr/lib/valgrind/vgpreload_memcheck-amd64-linux.so)
==7993==    by 0x4016B8: getFacts (in /v/filer4b/v38q001/kimyu92/Desktop/kimLab3/facts)
==7993==    by 0x4012B0: parseFactFile (in /v/filer4b/v38q001/kimyu92/Desktop/kimLab3/facts)
==7993==    by 0x400971: main (in /v/filer4b/v38q001/kimyu92/Desktop/kimLab3/facts)
==7993== 
==7993== Invalid read of size 1
==7993==    at 0x4C2CB88: strcmp (in /usr/lib/valgrind/vgpreload_memcheck-amd64-linux.so)
==7993==    by 0x4017C0: updateValue (in /v/filer4b/v38q001/kimyu92/Desktop/kimLab3/facts)
==7993==    by 0x40097B: main (in /v/filer4b/v38q001/kimyu92/Desktop/kimLab3/facts)
==7993==  Address 0x51f7bf5 is 0 bytes after a block of size 5 alloc'd
==7993==    at 0x4C2B6CD: malloc (in /usr/lib/valgrind/vgpreload_memcheck-amd64-linux.so)
==7993==    by 0x40165F: getFacts (in /v/filer4b/v38q001/kimyu92/Desktop/kimLab3/facts)
==7993==    by 0x4012B0: parseFactFile (in /v/filer4b/v38q001/kimyu92/Desktop/kimLab3/facts)
==7993==    by 0x400971: main (in /v/filer4b/v38q001/kimyu92/Desktop/kimLab3/facts)
==7993== 
==7993== Invalid read of size 1
==7993==    at 0x4C2CB8D: strcmp (in /usr/lib/valgrind/vgpreload_memcheck-amd64-linux.so)
==7993==    by 0x4017C0: updateValue (in /v/filer4b/v38q001/kimyu92/Desktop/kimLab3/facts)
==7993==    by 0x40097B: main (in /v/filer4b/v38q001/kimyu92/Desktop/kimLab3/facts)
==7993==  Address 0x51f1ec5 is 0 bytes after a block of size 5 alloc'd
==7993==    at 0x4C2B6CD: malloc (in /usr/lib/valgrind/vgpreload_memcheck-amd64-linux.so)
==7993==    by 0x400E36: parseQuestFile (in /v/filer4b/v38q001/kimyu92/Desktop/kimLab3/facts)
==7993==    by 0x400C67: getFromQFile (in /v/filer4b/v38q001/kimyu92/Desktop/kimLab3/facts)
==7993==    by 0x400967: main (in /v/filer4b/v38q001/kimyu92/Desktop/kimLab3/facts)
==7993== 
==7993== Invalid read of size 1
==7993==    at 0x4C2CB88: strcmp (in /usr/lib/valgrind/vgpreload_memcheck-amd64-linux.so)
==7993==    by 0x4017E3: updateValue (in /v/filer4b/v38q001/kimyu92/Desktop/kimLab3/facts)
==7993==    by 0x40097B: main (in /v/filer4b/v38q001/kimyu92/Desktop/kimLab3/facts)
==7993==  Address 0x51f9190 is 0 bytes after a block of size 16 alloc'd
==7993==    at 0x4C2B6CD: malloc (in /usr/lib/valgrind/vgpreload_memcheck-amd64-linux.so)
==7993==    by 0x40168B: getFacts (in /v/filer4b/v38q001/kimyu92/Desktop/kimLab3/facts)
==7993==    by 0x4012B0: parseFactFile (in /v/filer4b/v38q001/kimyu92/Desktop/kimLab3/facts)
==7993==    by 0x400971: main (in /v/filer4b/v38q001/kimyu92/Desktop/kimLab3/facts)
==7993== 
==7993== Invalid read of size 1
==7993==    at 0x4C2CB8D: strcmp (in /usr/lib/valgrind/vgpreload_memcheck-amd64-linux.so)
==7993==    by 0x4017E3: updateValue (in /v/filer4b/v38q001/kimyu92/Desktop/kimLab3/facts)
==7993==    by 0x40097B: main (in /v/filer4b/v38q001/kimyu92/Desktop/kimLab3/facts)
==7993==  Address 0x51f1f20 is 0 bytes after a block of size 16 alloc'd
==7993==    at 0x4C2B6CD: malloc (in /usr/lib/valgrind/vgpreload_memcheck-amd64-linux.so)
==7993==    by 0x400E62: parseQuestFile (in /v/filer4b/v38q001/kimyu92/Desktop/kimLab3/facts)
==7993==    by 0x400C67: getFromQFile (in /v/filer4b/v38q001/kimyu92/Desktop/kimLab3/facts)
==7993==    by 0x400967: main (in /v/filer4b/v38q001/kimyu92/Desktop/kimLab3/facts)
==7993== 
==7993== Invalid read of size 1
==7993==    at 0x401817: updateValue (in /v/filer4b/v38q001/kimyu92/Desktop/kimLab3/facts)
==7993==    by 0x40097B: main (in /v/filer4b/v38q001/kimyu92/Desktop/kimLab3/facts)
==7993==  Address 0x51f91d1 is 0 bytes after a block of size 1 alloc'd
==7993==    at 0x4C2B6CD: malloc (in /usr/lib/valgrind/vgpreload_memcheck-amd64-linux.so)
==7993==    by 0x4016B8: getFacts (in /v/filer4b/v38q001/kimyu92/Desktop/kimLab3/facts)
==7993==    by 0x4012B0: parseFactFile (in /v/filer4b/v38q001/kimyu92/Desktop/kimLab3/facts)
==7993==    by 0x400971: main (in /v/filer4b/v38q001/kimyu92/Desktop/kimLab3/facts)
==7993== 
==7993== Invalid read of size 1
==7993==    at 0x4C2C002: strcpy (in /usr/lib/valgrind/vgpreload_memcheck-amd64-linux.so)
==7993==    by 0x40185F: updateValue (in /v/filer4b/v38q001/kimyu92/Desktop/kimLab3/facts)
==7993==    by 0x40097B: main (in /v/filer4b/v38q001/kimyu92/Desktop/kimLab3/facts)
==7993==  Address 0x51f91d1 is 0 bytes after a block of size 1 alloc'd
==7993==    at 0x4C2B6CD: malloc (in /usr/lib/valgrind/vgpreload_memcheck-amd64-linux.so)
==7993==    by 0x4016B8: getFacts (in /v/filer4b/v38q001/kimyu92/Desktop/kimLab3/facts)
==7993==    by 0x4012B0: parseFactFile (in /v/filer4b/v38q001/kimyu92/Desktop/kimLab3/facts)
==7993==    by 0x400971: main (in /v/filer4b/v38q001/kimyu92/Desktop/kimLab3/facts)
==7993== 
==7993== Invalid write of size 1
==7993==    at 0x4C2C00F: strcpy (in /usr/lib/valgrind/vgpreload_memcheck-amd64-linux.so)
==7993==    by 0x40185F: updateValue (in /v/filer4b/v38q001/kimyu92/Desktop/kimLab3/facts)
==7993==    by 0x40097B: main (in /v/filer4b/v38q001/kimyu92/Desktop/kimLab3/facts)
==7993==  Address 0x51fde91 is 0 bytes after a block of size 1 alloc'd
==7993==    at 0x4C2B6CD: malloc (in /usr/lib/valgrind/vgpreload_memcheck-amd64-linux.so)
==7993==    by 0x401836: updateValue (in /v/filer4b/v38q001/kimyu92/Desktop/kimLab3/facts)
==7993==    by 0x40097B: main (in /v/filer4b/v38q001/kimyu92/Desktop/kimLab3/facts)
==7993== 
==7993== Invalid read of size 1
==7993==    at 0x4E7D3B1: vfprintf (vfprintf.c:1630)
==7993==    by 0x4E858D8: printf (printf.c:35)
==7993==    by 0x4018AB: updateValue (in /v/filer4b/v38q001/kimyu92/Desktop/kimLab3/facts)
==7993==    by 0x40097B: main (in /v/filer4b/v38q001/kimyu92/Desktop/kimLab3/facts)
==7993==  Address 0x51f1ec5 is 0 bytes after a block of size 5 alloc'd
==7993==    at 0x4C2B6CD: malloc (in /usr/lib/valgrind/vgpreload_memcheck-amd64-linux.so)
==7993==    by 0x400E36: parseQuestFile (in /v/filer4b/v38q001/kimyu92/Desktop/kimLab3/facts)
==7993==    by 0x400C67: getFromQFile (in /v/filer4b/v38q001/kimyu92/Desktop/kimLab3/facts)
==7993==    by 0x400967: main (in /v/filer4b/v38q001/kimyu92/Desktop/kimLab3/facts)
==7993== 
==7993== Invalid read of size 1
==7993==    at 0x4E7D3B1: vfprintf (vfprintf.c:1630)
==7993==    by 0x4E858D8: printf (printf.c:35)
==7993==    by 0x4018C8: updateValue (in /v/filer4b/v38q001/kimyu92/Desktop/kimLab3/facts)
==7993==    by 0x40097B: main (in /v/filer4b/v38q001/kimyu92/Desktop/kimLab3/facts)
==7993==  Address 0x51f1f20 is 0 bytes after a block of size 16 alloc'd
==7993==    at 0x4C2B6CD: malloc (in /usr/lib/valgrind/vgpreload_memcheck-amd64-linux.so)
==7993==    by 0x400E62: parseQuestFile (in /v/filer4b/v38q001/kimyu92/Desktop/kimLab3/facts)
==7993==    by 0x400C67: getFromQFile (in /v/filer4b/v38q001/kimyu92/Desktop/kimLab3/facts)
==7993==    by 0x400967: main (in /v/filer4b/v38q001/kimyu92/Desktop/kimLab3/facts)
==7993== 
==7993== Invalid read of size 1
==7993==    at 0x4E7D3B1: vfprintf (vfprintf.c:1630)
==7993==    by 0x4E858D8: printf (printf.c:35)
==7993==    by 0x4018E5: updateValue (in /v/filer4b/v38q001/kimyu92/Desktop/kimLab3/facts)
==7993==    by 0x40097B: main (in /v/filer4b/v38q001/kimyu92/Desktop/kimLab3/facts)
==7993==  Address 0x51fde91 is 0 bytes after a block of size 1 alloc'd
==7993==    at 0x4C2B6CD: malloc (in /usr/lib/valgrind/vgpreload_memcheck-amd64-linux.so)
==7993==    by 0x401836: updateValue (in /v/filer4b/v38q001/kimyu92/Desktop/kimLab3/facts)
==7993==    by 0x40097B: main (in /v/filer4b/v38q001/kimyu92/Desktop/kimLab3/facts)
==7993== 
==7993== 
==7993== HEAP SUMMARY:
==7993==     in use at exit: 0 bytes in 0 blocks
==7993==   total heap usage: 602 allocs, 602 frees, 9,627 bytes allocated
==7993== 
==7993== All heap blocks were freed -- no leaks are possible
==7993== 
==7993== For counts of detected and suppressed errors, rerun with: -v
==7993== Use --track-origins=yes to see where uninitialised values come from
==7993== ERROR SUMMARY: 654 errors from 36 contexts (suppressed: 2 from 2)
